2024-09-26 15:03:46.697[main] INFO  org.example.Main - START OP: Power
2024-09-26 15:03:46.700[main] INFO  org.example.Main - [POWER OPERATION] [SUCCESS] 2.0^3.0 = 8.0
2024-09-26 15:03:46.700[main] INFO  org.example.Main - END OP: Power
2024-09-26 15:03:46.700[main] INFO  org.example.Main - START OP: Power
2024-09-26 15:03:46.700[main] INFO  org.example.Main - [POWER OPERATION] [SUCCESS] 5.0^0.0 = 1.0
2024-09-26 15:03:46.700[main] INFO  org.example.Main - END OP: Power
2024-09-26 15:03:46.701[main] INFO  org.example.Main - START OP: Power
2024-09-26 15:03:46.701[main] INFO  org.example.Main - [POWER OPERATION] [SUCCESS] 0.0^5.0 = 0.0
2024-09-26 15:03:46.701[main] INFO  org.example.Main - END OP: Power
2024-09-26 15:03:46.701[main] INFO  org.example.Main - START OP: Power
2024-09-26 15:03:46.701[main] INFO  org.example.Main - [POWER OPERATION] [SUCCESS] 0.0^0.0 = 1.0
2024-09-26 15:03:46.701[main] INFO  org.example.Main - END OP: Power
2024-09-26 15:03:46.701[main] INFO  org.example.Main - START OP: Factorial
2024-09-26 15:03:46.703[main] INFO  org.example.Main - [FACTORIAL OPERATION] [SUCCESS] 5! = 120
2024-09-26 15:03:46.703[main] INFO  org.example.Main - END OP: Factorial
2024-09-26 15:03:46.703[main] INFO  org.example.Main - START OP: Factorial
2024-09-26 15:03:46.703[main] INFO  org.example.Main - [FACTORIAL OPERATION] [SUCCESS] 0! = 1
2024-09-26 15:03:46.703[main] INFO  org.example.Main - END OP: Factorial
2024-09-26 15:03:46.703[main] INFO  org.example.Main - START OP: Factorial
2024-09-26 15:03:46.703[main] INFO  org.example.Main - [FACTORIAL OPERATION] [SUCCESS] 1! = 1
2024-09-26 15:03:46.703[main] INFO  org.example.Main - END OP: Factorial
2024-09-26 15:03:46.704[main] INFO  org.example.Main - START OP: Natural Logarithm
2024-09-26 15:03:46.705[main] INFO  org.example.Main - [NATURAL LOG OPERATION] [SUCCESS] ln(2.718281828459045) = 1.0
2024-09-26 15:03:46.705[main] INFO  org.example.Main - END OP: Natural Logarithm
2024-09-26 15:03:46.705[main] INFO  org.example.Main - START OP: Natural Logarithm
2024-09-26 15:03:46.705[main] INFO  org.example.Main - [NATURAL LOG OPERATION] [SUCCESS] ln(1.0) = 0.0
2024-09-26 15:03:46.705[main] INFO  org.example.Main - END OP: Natural Logarithm
2024-09-26 15:03:46.706[main] INFO  org.example.Main - START OP: Natural Logarithm
2024-09-26 15:03:46.706[main] ERROR org.example.Main - Natural log of non-positive numbers is undefined!
2024-09-26 15:03:46.706[main] INFO  org.example.Main - START OP: Square Root
2024-09-26 15:03:46.706[main] INFO  org.example.Main - [SQUARE ROOT OPERATION] [SUCCESS] sqrt(16.0) = 4.0
2024-09-26 15:03:46.706[main] INFO  org.example.Main - END OP: Square Root
2024-09-26 15:03:46.706[main] INFO  org.example.Main - START OP: Square Root
2024-09-26 15:03:46.706[main] INFO  org.example.Main - [SQUARE ROOT OPERATION] [SUCCESS] sqrt(0.0) = 0.0
2024-09-26 15:03:46.707[main] INFO  org.example.Main - END OP: Square Root
2024-09-26 15:03:46.707[main] INFO  org.example.Main - START OP: Square Root
2024-09-26 15:03:46.707[main] INFO  org.example.Main - [SQUARE ROOT OPERATION] [SUCCESS] sqrt(25.0) = 5.0
2024-09-26 15:03:46.707[main] INFO  org.example.Main - END OP: Square Root
2024-09-26 16:16:24.862[main] INFO  org.example.Main - START OP: Power
2024-09-26 16:16:24.865[main] INFO  org.example.Main - [POWER OPERATION] [SUCCESS] 2.0^3.0 = 8.0
2024-09-26 16:16:24.865[main] INFO  org.example.Main - END OP: Power
2024-09-26 16:16:24.865[main] INFO  org.example.Main - START OP: Power
2024-09-26 16:16:24.865[main] INFO  org.example.Main - [POWER OPERATION] [SUCCESS] 5.0^0.0 = 1.0
2024-09-26 16:16:24.865[main] INFO  org.example.Main - END OP: Power
2024-09-26 16:16:24.865[main] INFO  org.example.Main - START OP: Power
2024-09-26 16:16:24.865[main] INFO  org.example.Main - [POWER OPERATION] [SUCCESS] 0.0^5.0 = 0.0
2024-09-26 16:16:24.865[main] INFO  org.example.Main - END OP: Power
2024-09-26 16:16:24.865[main] INFO  org.example.Main - START OP: Power
2024-09-26 16:16:24.866[main] INFO  org.example.Main - [POWER OPERATION] [SUCCESS] 0.0^0.0 = 1.0
2024-09-26 16:16:24.866[main] INFO  org.example.Main - END OP: Power
2024-09-26 16:16:24.866[main] INFO  org.example.Main - START OP: Factorial
2024-09-26 16:16:24.867[main] INFO  org.example.Main - [FACTORIAL OPERATION] [SUCCESS] 5! = 120
2024-09-26 16:16:24.867[main] INFO  org.example.Main - END OP: Factorial
2024-09-26 16:16:24.867[main] INFO  org.example.Main - START OP: Factorial
2024-09-26 16:16:24.867[main] INFO  org.example.Main - [FACTORIAL OPERATION] [SUCCESS] 0! = 1
2024-09-26 16:16:24.867[main] INFO  org.example.Main - END OP: Factorial
2024-09-26 16:16:24.868[main] INFO  org.example.Main - START OP: Factorial
2024-09-26 16:16:24.868[main] INFO  org.example.Main - [FACTORIAL OPERATION] [SUCCESS] 1! = 1
2024-09-26 16:16:24.868[main] INFO  org.example.Main - END OP: Factorial
2024-09-26 16:16:24.868[main] INFO  org.example.Main - START OP: Natural Logarithm
2024-09-26 16:16:24.868[main] INFO  org.example.Main - [NATURAL LOG OPERATION] [SUCCESS] ln(2.718281828459045) = 1.0
2024-09-26 16:16:24.869[main] INFO  org.example.Main - END OP: Natural Logarithm
2024-09-26 16:16:24.869[main] INFO  org.example.Main - START OP: Natural Logarithm
2024-09-26 16:16:24.869[main] INFO  org.example.Main - [NATURAL LOG OPERATION] [SUCCESS] ln(1.0) = 0.0
2024-09-26 16:16:24.869[main] INFO  org.example.Main - END OP: Natural Logarithm
2024-09-26 16:16:24.869[main] INFO  org.example.Main - START OP: Natural Logarithm
2024-09-26 16:16:24.869[main] ERROR org.example.Main - Natural log of non-positive numbers is undefined!
2024-09-26 16:16:24.869[main] INFO  org.example.Main - START OP: Square Root
2024-09-26 16:16:24.870[main] INFO  org.example.Main - [SQUARE ROOT OPERATION] [SUCCESS] sqrt(16.0) = 4.0
2024-09-26 16:16:24.870[main] INFO  org.example.Main - END OP: Square Root
2024-09-26 16:16:24.870[main] INFO  org.example.Main - START OP: Square Root
2024-09-26 16:16:24.870[main] INFO  org.example.Main - [SQUARE ROOT OPERATION] [SUCCESS] sqrt(0.0) = 0.0
2024-09-26 16:16:24.870[main] INFO  org.example.Main - END OP: Square Root
2024-09-26 16:16:24.870[main] INFO  org.example.Main - START OP: Square Root
2024-09-26 16:16:24.870[main] INFO  org.example.Main - [SQUARE ROOT OPERATION] [SUCCESS] sqrt(25.0) = 5.0
2024-09-26 16:16:24.870[main] INFO  org.example.Main - END OP: Square Root
